<?xml version="1.0" encoding="UTF-8"?>
<testng-results skipped="0" failed="0" ignored="0" total="1" passed="1">
  <reporter-output>
  </reporter-output>
  <suite name="Default suite" duration-ms="8823" started-at="2019-09-28T23:43:25 IST" finished-at="2019-09-28T23:43:34 IST">
    <groups>
    </groups>
    <test name="Default test" duration-ms="8823" started-at="2019-09-28T23:43:25 IST" finished-at="2019-09-28T23:43:34 IST">
      <class name="RecruitmentTest.VacancyTest">
        <test-method status="PASS" signature="Login()[pri:0, instance:RecruitmentTest.VacancyTest@6f1fba17]" name="Login" is-config="true" duration-ms="9" started-at="2019-09-28T23:43:25 IST" finished-at="2019-09-28T23:43:25 IST">
          <reporter-output>
          </reporter-output>
        </test-method> <!-- Login -->
        <test-method status="PASS" signature="Addvacaency()[pri:0, instance:RecruitmentTest.VacancyTest@6f1fba17]" name="Addvacaency" duration-ms="8768" started-at="2019-09-28T23:43:25 IST" finished-at="2019-09-28T23:43:34 IST">
          <reporter-output>
          </reporter-output>
        </test-method> <!-- Addvacaency -->
      </class> <!-- RecruitmentTest.VacancyTest -->
    </test> <!-- Default test -->
  </suite> <!-- Default suite -->
</testng-results>
